2025-07-08 02:35:49,156 - __main__ - INFO - Попытка загрузки базы данных из: C:\Users\na7al\PycharmProjects\SalesManagerBot\data\database.json
2025-07-08 02:35:49,157 - __main__ - INFO - База данных загружена. Объектов: 2
2025-07-08 02:35:49,157 - __main__ - INFO - Запуск бота...
2025-07-08 02:35:51,660 - __main__ - INFO - Бот запущен...
2025-07-08 02:35:52,914 - __main__ - INFO - Пользователь 1655993753 запустил бота
2025-07-08 02:35:56,785 - __main__ - INFO - Получено сообщение от 1655993753: привет!
2025-07-08 02:35:56,785 - __main__ - INFO - Инициализирована история для пользователя 1655993753
2025-07-08 02:35:56,785 - __main__ - INFO - Сформировано 6 сообщений для GPT
2025-07-08 02:35:56,786 - __main__ - DEBUG - Первые 3 сообщения:
2025-07-08 02:35:56,786 - __main__ - DEBUG -   0. system: 
Ты - эксперт по недвижимости с доступом к базе данных. Твои правила:
0. Будь дружелюбным и разговор...
2025-07-08 02:35:56,786 - __main__ - DEBUG -   1. system: 
Ты - эксперт по недвижимости с доступом к базе данных. Твои правила:
0. Будь дружелюбным и разговор...
2025-07-08 02:35:56,786 - __main__ - DEBUG -   2. system: ВСЯ БАЗА ОБЪЕКТОВ (кратко):
===== КРАТКИЙ ОБЗОР ВСЕХ ОБЪЕКТОВ =====
• ЖК Солнечный:
  - Описание: Со...
2025-07-08 02:35:56,786 - __main__ - INFO - Вызов generate_yandexgpt_response
2025-07-08 02:35:57,233 - __main__ - INFO - Ответ от YandexGPT: Здравствуйте! Чем я могу вам помочь?
2025-07-08 02:35:57,234 - __main__ - DEBUG - История сокращена до 2 сообщений
2025-07-08 02:35:57,468 - __main__ - INFO - Сообщение отправлено пользователю
2025-07-08 02:36:05,334 - __main__ - INFO - Получено сообщение от 1655993753: я хочу узнать о жк луговой
2025-07-08 02:36:05,334 - __main__ - INFO - Обновлен контекст объекта
2025-07-08 02:36:05,334 - __main__ - INFO - Сформировано 9 сообщений для GPT
2025-07-08 02:36:05,335 - __main__ - DEBUG - Первые 3 сообщения:
2025-07-08 02:36:05,335 - __main__ - DEBUG -   0. system: 
Ты - эксперт по недвижимости с доступом к базе данных. Твои правила:
0. Будь дружелюбным и разговор...
2025-07-08 02:36:05,335 - __main__ - DEBUG -   1. system: 
Ты - эксперт по недвижимости с доступом к базе данных. Твои правила:
0. Будь дружелюбным и разговор...
2025-07-08 02:36:05,335 - __main__ - DEBUG -   2. system: ТЕКУЩИЙ КОНТЕКСТ ОБЪЕКТА:
===== ЖК Луговой =====
Описание: Комплекс бизнес-класса с панорамными окна...
2025-07-08 02:36:05,335 - __main__ - INFO - Вызов generate_yandexgpt_response
2025-07-08 02:36:07,599 - __main__ - INFO - Ответ от YandexGPT: ЖК «Луговой» — это комплекс бизнес-класса с панорамными окнами. Он имеет 18 этажей, и срок сдачи запланирован на четвёртый квартал 2024 года. В непосредственной близости от комплекса расположен сквер «Нежный» (в 200 метрах) и школа №45 (в 400 метрах). Если вам нужна дополнительная информация или вы хотите посмотреть другие объекты, пожалуйста, дайте знать.
2025-07-08 02:36:07,600 - __main__ - DEBUG - История сокращена до 4 сообщений
2025-07-08 02:36:07,962 - __main__ - INFO - Сообщение отправлено пользователю
2025-07-08 02:36:23,517 - __main__ - INFO - Получено сообщение от 1655993753: я хочу записаться на просмотр
2025-07-08 02:36:23,518 - __main__ - INFO - Сформировано 11 сообщений для GPT
2025-07-08 02:36:23,518 - __main__ - DEBUG - Первые 3 сообщения:
2025-07-08 02:36:23,518 - __main__ - DEBUG -   0. system: 
Ты - эксперт по недвижимости с доступом к базе данных. Твои правила:
0. Будь дружелюбным и разговор...
2025-07-08 02:36:23,518 - __main__ - DEBUG -   1. system: 
Ты - эксперт по недвижимости с доступом к базе данных. Твои правила:
0. Будь дружелюбным и разговор...
2025-07-08 02:36:23,518 - __main__ - DEBUG -   2. system: ТЕКУЩИЙ КОНТЕКСТ ОБЪЕКТА:
===== ЖК Луговой =====
Описание: Комплекс бизнес-класса с панорамными окна...
2025-07-08 02:36:23,519 - __main__ - INFO - Вызов generate_yandexgpt_response
2025-07-08 02:36:24,057 - __main__ - INFO - Ответ от YandexGPT: Как вас зовут и на какой номер перезвонить, чтобы записаться на просмотр?
2025-07-08 02:36:24,057 - __main__ - INFO - Установлен флаг collecting_contacts
2025-07-08 02:36:24,057 - __main__ - DEBUG - История сокращена до 6 сообщений
2025-07-08 02:36:24,487 - __main__ - INFO - Сообщение отправлено пользователю
2025-07-08 02:36:40,066 - __main__ - INFO - Получено сообщение от 1655993753: Гомер, 74501865738
2025-07-08 02:36:40,067 - __main__ - INFO - Извлечен контакт: Гомер, 74501865738
2025-07-08 02:36:40,067 - __main__ - INFO - Контекст диалога: я хочу узнать о жк луговой | Как вас зовут и на какой номер перезвонить, чтобы записаться на просмотр? | я хочу записаться на просмотр
2025-07-08 02:36:40,069 - __main__ - INFO - Контакт успешно сохранен в системе
2025-07-08 02:36:53,308 - __main__ - INFO - Получено сообщение от 1655993753: Показать все ЖК
2025-07-08 02:37:07,399 - __main__ - INFO - Получено сообщение от 1655993753: какой жк лучше подходит для пожилой пары?
2025-07-08 02:37:07,400 - __main__ - INFO - Обновлен контекст объекта
2025-07-08 02:37:07,400 - __main__ - INFO - Сформировано 13 сообщений для GPT
2025-07-08 02:37:07,400 - __main__ - DEBUG - Первые 3 сообщения:
2025-07-08 02:37:07,401 - __main__ - DEBUG -   0. system: 
Ты - эксперт по недвижимости с доступом к базе данных. Твои правила:
0. Будь дружелюбным и разговор...
2025-07-08 02:37:07,401 - __main__ - DEBUG -   1. system: ВАЖНО: Контактные данные клиента уже сохранены! Не предлагать снова....
2025-07-08 02:37:07,401 - __main__ - DEBUG -   2. system: 
Ты - эксперт по недвижимости с доступом к базе данных. Твои правила:
0. Будь дружелюбным и разговор...
2025-07-08 02:37:07,401 - __main__ - INFO - Вызов generate_yandexgpt_response
2025-07-08 02:37:08,258 - __main__ - INFO - Ответ от YandexGPT: ЖК «Луговой» с панорамными окнами и развитой инфраструктурой, включая близость сквера и школы, может быть хорошим выбором для пожилой пары. Если вам нужны дополнительные детали или вы хотите сравнить с другими комплексами, пожалуйста, сообщите.
2025-07-08 02:37:08,258 - __main__ - DEBUG - История сокращена до 7 сообщений
2025-07-08 02:37:08,554 - __main__ - INFO - Сообщение отправлено пользователю
2025-07-08 02:39:56,471 - __main__ - INFO - Пользователь 1655993753 запустил бота
2025-07-08 02:40:03,380 - __main__ - INFO - Получено сообщение от 1655993753: Лиза
2025-07-08 02:40:03,381 - __main__ - INFO - Пользователь 1655993753 представился как: Лиза
2025-07-08 02:40:42,812 - __main__ - INFO - Получено сообщение от 1655993753: Какие жк доступны к просмотру?
2025-07-08 02:40:42,813 - __main__ - INFO - Инициализирована история для пользователя 1655993753
2025-07-08 02:40:42,813 - __main__ - INFO - Обновлен контекст объекта
2025-07-08 02:40:42,813 - __main__ - INFO - Сформировано 7 сообщений для GPT
2025-07-08 02:40:42,813 - __main__ - DEBUG - Первые 3 сообщения:
2025-07-08 02:40:42,813 - __main__ - DEBUG -   0. system: 
Ты - эксперт по недвижимости с доступом к базе данных. Твои правила:
0. Будь дружелюбным и разговор...
2025-07-08 02:40:42,813 - __main__ - DEBUG -   1. system: 
Ты - эксперт по недвижимости с доступом к базе данных. Твои правила:
0. Будь дружелюбным и разговор...
2025-07-08 02:40:42,813 - __main__ - DEBUG -   2. system: ТЕКУЩИЙ КОНТЕКСТ ОБЪЕКТА:
===== ВСЕ ДОСТУПНЫЕ ЖК =====
- ЖК Солнечный
- ЖК Луговой

...
2025-07-08 02:40:42,814 - __main__ - INFO - Вызов generate_yandexgpt_response
2025-07-08 02:40:43,359 - __main__ - INFO - Ответ от YandexGPT: Доступны к просмотру ЖК Солнечный и ЖК Луговой.
2025-07-08 02:40:43,359 - __main__ - DEBUG - История сокращена до 2 сообщений
2025-07-08 02:40:43,727 - __main__ - INFO - Сообщение отправлено пользователю
2025-07-08 02:40:57,426 - __main__ - INFO - Получено сообщение от 1655993753: какой из них лучше подходит для молодой семьи?
2025-07-08 02:40:57,426 - __main__ - INFO - Сформировано 9 сообщений для GPT
2025-07-08 02:40:57,427 - __main__ - DEBUG - Первые 3 сообщения:
2025-07-08 02:40:57,427 - __main__ - DEBUG -   0. system: 
Ты - эксперт по недвижимости с доступом к базе данных. Твои правила:
0. Будь дружелюбным и разговор...
2025-07-08 02:40:57,427 - __main__ - DEBUG -   1. system: 
Ты - эксперт по недвижимости с доступом к базе данных. Твои правила:
0. Будь дружелюбным и разговор...
2025-07-08 02:40:57,427 - __main__ - DEBUG -   2. system: ТЕКУЩИЙ КОНТЕКСТ ОБЪЕКТА:
===== ВСЕ ДОСТУПНЫЕ ЖК =====
- ЖК Солнечный
- ЖК Луговой

...
2025-07-08 02:40:57,428 - __main__ - INFO - Вызов generate_yandexgpt_response
2025-07-08 02:40:58,522 - __main__ - INFO - Ответ от YandexGPT: ЖК Солнечный — это современный жилой комплекс комфорт-класса с подземным паркингом, который может подойти молодой семье благодаря своей доступности и развитой инфраструктуре. ЖК Луговой, относящийся к бизнес-классу и оснащённый панорамными окнами, также может быть интересен, особенно если важны престижность и качество жилья. Выбор зависит от ваших предпочтений по классу жилья и бюджету.
2025-07-08 02:40:58,522 - __main__ - DEBUG - История сокращена до 4 сообщений
2025-07-08 02:40:58,872 - __main__ - INFO - Сообщение отправлено пользователю
2025-07-08 02:41:27,742 - __main__ - INFO - Получено сообщение от 1655993753: я бы хотела записаться на просмотр
2025-07-08 02:41:27,742 - __main__ - INFO - Сформировано 11 сообщений для GPT
2025-07-08 02:41:27,742 - __main__ - DEBUG - Первые 3 сообщения:
2025-07-08 02:41:27,742 - __main__ - DEBUG -   0. system: 
Ты - эксперт по недвижимости с доступом к базе данных. Твои правила:
0. Будь дружелюбным и разговор...
2025-07-08 02:41:27,743 - __main__ - DEBUG -   1. system: 
Ты - эксперт по недвижимости с доступом к базе данных. Твои правила:
0. Будь дружелюбным и разговор...
2025-07-08 02:41:27,743 - __main__ - DEBUG -   2. system: ТЕКУЩИЙ КОНТЕКСТ ОБЪЕКТА:
===== ВСЕ ДОСТУПНЫЕ ЖК =====
- ЖК Солнечный
- ЖК Луговой

...
2025-07-08 02:41:27,743 - __main__ - INFO - Вызов generate_yandexgpt_response
2025-07-08 02:41:28,252 - __main__ - INFO - Ответ от YandexGPT: Могу записать вас на просмотр — как вас зовут и на какой номер перезвонить?
2025-07-08 02:41:28,253 - __main__ - INFO - Установлен флаг collecting_contacts
2025-07-08 02:41:28,253 - __main__ - DEBUG - История сокращена до 6 сообщений
2025-07-08 02:41:28,723 - __main__ - INFO - Сообщение отправлено пользователю
2025-07-08 02:41:43,118 - __main__ - INFO - Получено сообщение от 1655993753: Елизавета Андреева, 79251782039
2025-07-08 02:41:43,118 - __main__ - INFO - Извлечен контакт: Елизавета Андреева, 79251782039
2025-07-08 02:41:43,119 - __main__ - INFO - Контекст диалога: какой из них лучше подходит для молодой семьи? | Могу записать вас на просмотр — как вас зовут и на какой номер перезвонить? | я бы хотела записаться на просмотр
2025-07-08 02:41:43,120 - __main__ - INFO - Контакт успешно сохранен в системе
2025-07-08 02:44:29,066 - __main__ - INFO - Пользователь 1655993753 запустил бота
2025-07-08 02:45:00,772 - __main__ - INFO - Получено сообщение от 1655993753: Борис Краснов
2025-07-08 02:45:00,773 - __main__ - INFO - Пользователь 1655993753 представился как: Борис Краснов
2025-07-08 02:45:13,333 - __main__ - INFO - Получено сообщение от 1655993753: Показать все ЖК
2025-07-08 02:45:17,327 - __main__ - INFO - Получено сообщение от 1655993753: Сравнить ЖК
2025-07-08 02:45:26,922 - __main__ - INFO - Получено сообщение от 1655993753: ЖК Солнечный, ЖК Луговой
2025-07-08 02:45:55,343 - __main__ - INFO - Получено сообщение от 1655993753: Подробнее о ЖК
2025-07-08 02:45:55,343 - __main__ - INFO - Инициализирована история для пользователя 1655993753
2025-07-08 02:45:55,344 - __main__ - INFO - Обновлен контекст объекта
2025-07-08 02:45:55,344 - __main__ - INFO - Сформировано 7 сообщений для GPT
2025-07-08 02:45:55,344 - __main__ - DEBUG - Первые 3 сообщения:
2025-07-08 02:45:55,344 - __main__ - DEBUG -   0. system: 
Ты - эксперт по недвижимости с доступом к базе данных. Твои правила:
0. Будь дружелюбным и разговор...
2025-07-08 02:45:55,344 - __main__ - DEBUG -   1. system: 
Ты - эксперт по недвижимости с доступом к базе данных. Твои правила:
0. Будь дружелюбным и разговор...
2025-07-08 02:45:55,344 - __main__ - DEBUG -   2. system: ТЕКУЩИЙ КОНТЕКСТ ОБЪЕКТА:
===== ЖК Солнечный =====
Описание: Современный жилой комплекс комфорт-клас...
2025-07-08 02:45:55,344 - __main__ - INFO - Вызов generate_yandexgpt_response
2025-07-08 02:45:56,083 - __main__ - INFO - Ответ от YandexGPT: Уточните, пожалуйста, о каком жилом комплексе вы хотите получить больше информации — ЖК «Солнечный» или ЖК «Луговой»?
2025-07-08 02:45:56,084 - __main__ - DEBUG - История сокращена до 2 сообщений
2025-07-08 02:45:56,610 - __main__ - INFO - Сообщение отправлено пользователю
2025-07-08 02:46:02,494 - __main__ - INFO - Получено сообщение от 1655993753: солнечный
2025-07-08 02:46:02,494 - __main__ - INFO - Обновлен контекст объекта
2025-07-08 02:46:02,494 - __main__ - INFO - Сформировано 9 сообщений для GPT
2025-07-08 02:46:02,494 - __main__ - DEBUG - Первые 3 сообщения:
2025-07-08 02:46:02,494 - __main__ - DEBUG -   0. system: 
Ты - эксперт по недвижимости с доступом к базе данных. Твои правила:
0. Будь дружелюбным и разговор...
2025-07-08 02:46:02,495 - __main__ - DEBUG -   1. system: 
Ты - эксперт по недвижимости с доступом к базе данных. Твои правила:
0. Будь дружелюбным и разговор...
2025-07-08 02:46:02,495 - __main__ - DEBUG -   2. system: ТЕКУЩИЙ КОНТЕКСТ ОБЪЕКТА:
===== ЖК Солнечный =====
Описание: Современный жилой комплекс комфорт-клас...
2025-07-08 02:46:02,495 - __main__ - INFO - Вызов generate_yandexgpt_response
2025-07-08 02:46:03,539 - __main__ - INFO - Ответ от YandexGPT: ЖК «Солнечный» — это современный жилой комплекс комфорт-класса с подземным паркингом. В комплексе 25 этажей. Срок сдачи — 3 квартал 2025 года. В непосредственной близости расположены парк «Центральный» (в 300 метрах) и торговый центр «Горизонт» (в 500 метрах).
2025-07-08 02:46:03,539 - __main__ - DEBUG - История сокращена до 4 сообщений
2025-07-08 02:46:03,809 - __main__ - INFO - Сообщение отправлено пользователю
2025-07-08 02:46:08,333 - __main__ - INFO - Получено сообщение от 1655993753: Записаться на просмотр
2025-07-08 02:46:08,333 - __main__ - INFO - Сформировано 11 сообщений для GPT
2025-07-08 02:46:08,333 - __main__ - DEBUG - Первые 3 сообщения:
2025-07-08 02:46:08,333 - __main__ - DEBUG -   0. system: 
Ты - эксперт по недвижимости с доступом к базе данных. Твои правила:
0. Будь дружелюбным и разговор...
2025-07-08 02:46:08,333 - __main__ - DEBUG -   1. system: 
Ты - эксперт по недвижимости с доступом к базе данных. Твои правила:
0. Будь дружелюбным и разговор...
2025-07-08 02:46:08,333 - __main__ - DEBUG -   2. system: ТЕКУЩИЙ КОНТЕКСТ ОБЪЕКТА:
===== ЖК Солнечный =====
Описание: Современный жилой комплекс комфорт-клас...
2025-07-08 02:46:08,333 - __main__ - INFO - Вызов generate_yandexgpt_response
2025-07-08 02:46:09,171 - __main__ - INFO - Ответ от YandexGPT: Могу записать вас на просмотр — как вас зовут и на какой номер перезвонить?
2025-07-08 02:46:09,171 - __main__ - INFO - Установлен флаг collecting_contacts
2025-07-08 02:46:09,171 - __main__ - DEBUG - История сокращена до 6 сообщений
2025-07-08 02:46:09,485 - __main__ - INFO - Сообщение отправлено пользователю
2025-07-08 02:46:32,820 - __main__ - INFO - Получено сообщение от 1655993753: Борис Андреевич, 73942098765
2025-07-08 02:46:32,820 - __main__ - INFO - Извлечен контакт: Борис Андреевич, 73942098765
2025-07-08 02:46:32,821 - __main__ - INFO - Контекст диалога: солнечный | Могу записать вас на просмотр — как вас зовут и на какой номер перезвонить? | Записаться на просмотр
2025-07-08 02:46:32,860 - __main__ - INFO - Контакт успешно сохранен в системе
2025-07-08 02:46:59,810 - __main__ - INFO - Получено сообщение от 1655993753: как вы думаете, в каком жк комфортнее всего пожилой паре?
2025-07-08 02:46:59,810 - __main__ - INFO - Обновлен контекст объекта
2025-07-08 02:46:59,810 - __main__ - INFO - Сформировано 13 сообщений для GPT
2025-07-08 02:46:59,811 - __main__ - DEBUG - Первые 3 сообщения:
2025-07-08 02:46:59,811 - __main__ - DEBUG -   0. system: 
Ты - эксперт по недвижимости с доступом к базе данных. Твои правила:
0. Будь дружелюбным и разговор...
2025-07-08 02:46:59,811 - __main__ - DEBUG -   1. system: ВАЖНО: Контактные данные клиента уже сохранены! Не предлагать снова....
2025-07-08 02:46:59,811 - __main__ - DEBUG -   2. system: 
Ты - эксперт по недвижимости с доступом к базе данных. Твои правила:
0. Будь дружелюбным и разговор...
2025-07-08 02:46:59,811 - __main__ - INFO - Вызов generate_yandexgpt_response
2025-07-08 02:47:00,779 - __main__ - INFO - Ответ от YandexGPT: Учитывая потребности пожилых людей, ЖК «Солнечный» может быть более предпочтительным вариантом благодаря своей комфортности и развитой инфраструктуре в районе. Комплекс имеет подземный паркинг, что также является плюсом для удобства проживания.
2025-07-08 02:47:00,779 - __main__ - DEBUG - История сокращена до 7 сообщений
2025-07-08 02:47:01,475 - __main__ - INFO - Сообщение отправлено пользователю
2025-07-08 02:47:30,271 - __main__ - INFO - Сформировано 15 сообщений для GPT
2025-07-08 02:47:30,271 - __main__ - DEBUG - Первые 3 сообщения:
2025-07-08 02:47:30,271 - __main__ - DEBUG -   0. system: 
Ты - эксперт по недвижимости с доступом к базе данных. Твои правила:
0. Будь дружелюбным и разговор...
2025-07-08 02:47:30,271 - __main__ - DEBUG -   1. system: ВАЖНО: Контактные данные клиента уже сохранены! Не предлагать снова....
2025-07-08 02:47:30,271 - __main__ - DEBUG -   2. system: 
Ты - эксперт по недвижимости с доступом к базе данных. Твои правила:
0. Будь дружелюбным и разговор...
2025-07-08 02:47:30,272 - __main__ - INFO - Вызов generate_yandexgpt_response
2025-07-08 02:47:31,111 - __main__ - INFO - Ответ от YandexGPT: Учитывая потребности пожилых людей, ЖК «Солнечный» может быть более предпочтительным вариантом благодаря своей комфортности и развитой инфраструктуре в районе. Комплекс имеет подземный паркинг, что также является плюсом для удобства проживания.
2025-07-08 02:47:31,111 - __main__ - DEBUG - История сокращена до 9 сообщений
2025-07-08 02:47:31,362 - __main__ - INFO - Сообщение отправлено пользователю
2025-07-08 02:47:40,130 - __main__ - INFO - Получено сообщение от 1655993753: хорошо
2025-07-08 02:47:40,130 - __main__ - INFO - Сформировано 17 сообщений для GPT
2025-07-08 02:47:40,130 - __main__ - DEBUG - Первые 3 сообщения:
2025-07-08 02:47:40,130 - __main__ - DEBUG -   0. system: 
Ты - эксперт по недвижимости с доступом к базе данных. Твои правила:
0. Будь дружелюбным и разговор...
2025-07-08 02:47:40,130 - __main__ - DEBUG -   1. system: ВАЖНО: Контактные данные клиента уже сохранены! Не предлагать снова....
2025-07-08 02:47:40,130 - __main__ - DEBUG -   2. system: 
Ты - эксперт по недвижимости с доступом к базе данных. Твои правила:
0. Будь дружелюбным и разговор...
2025-07-08 02:47:40,131 - __main__ - INFO - Вызов generate_yandexgpt_response
2025-07-08 02:47:40,494 - __main__ - DEBUG - История сокращена до 10 сообщений
2025-07-08 02:47:40,829 - __main__ - INFO - Сообщение отправлено пользователю
2025-07-08 02:49:29,388 - __main__ - INFO - Пользователь 1655993753 запустил бота
2025-07-08 02:49:33,948 - __main__ - INFO - Пользователь 1655993753 запустил бота
2025-07-08 02:49:55,219 - __main__ - INFO - Получено сообщение от 1655993753: добрый день! расскажите о жк солнечный, что там рядом есть?
2025-07-08 02:49:55,219 - __main__ - INFO - Инициализирована история для пользователя 1655993753
2025-07-08 02:49:55,219 - __main__ - INFO - Обновлен контекст объекта
2025-07-08 02:49:55,219 - __main__ - INFO - Сформировано 7 сообщений для GPT
2025-07-08 02:49:55,219 - __main__ - DEBUG - Первые 3 сообщения:
2025-07-08 02:49:55,219 - __main__ - DEBUG -   0. system: 
Ты - эксперт по недвижимости с доступом к базе данных. Твои правила:
0. Будь дружелюбным и разговор...
2025-07-08 02:49:55,219 - __main__ - DEBUG -   1. system: 
Ты - эксперт по недвижимости с доступом к базе данных. Твои правила:
0. Будь дружелюбным и разговор...
2025-07-08 02:49:55,220 - __main__ - DEBUG -   2. system: ТЕКУЩИЙ КОНТЕКСТ ОБЪЕКТА:
===== ЖК Солнечный =====
Описание: Современный жилой комплекс комфорт-клас...
2025-07-08 02:49:55,220 - __main__ - INFO - Вызов generate_yandexgpt_response
2025-07-08 02:49:56,398 - __main__ - INFO - Ответ от YandexGPT: Добрый день! ЖК «Солнечный» — это современный жилой комплекс комфорт-класса с подземным паркингом. Комплекс имеет 25 этажей. Срок сдачи запланирован на третий квартал 2025 года. Вблизи комплекса находятся парк «Центральный» (в 300 метрах) и торговый центр «Горизонт» (в 500 метрах).
2025-07-08 02:49:56,398 - __main__ - DEBUG - История сокращена до 2 сообщений
2025-07-08 02:49:56,683 - __main__ - INFO - Сообщение отправлено пользователю
2025-07-08 02:50:14,111 - __main__ - INFO - Получено сообщение от 1655993753: хорошо, а есть еще доступные жк?
2025-07-08 02:50:14,111 - __main__ - INFO - Обновлен контекст объекта
2025-07-08 02:50:14,111 - __main__ - INFO - Сформировано 9 сообщений для GPT
2025-07-08 02:50:14,112 - __main__ - DEBUG - Первые 3 сообщения:
2025-07-08 02:50:14,112 - __main__ - DEBUG -   0. system: 
Ты - эксперт по недвижимости с доступом к базе данных. Твои правила:
0. Будь дружелюбным и разговор...
2025-07-08 02:50:14,112 - __main__ - DEBUG -   1. system: 
Ты - эксперт по недвижимости с доступом к базе данных. Твои правила:
0. Будь дружелюбным и разговор...
2025-07-08 02:50:14,112 - __main__ - DEBUG -   2. system: ТЕКУЩИЙ КОНТЕКСТ ОБЪЕКТА:
===== ЖК Солнечный =====
Описание: Современный жилой комплекс комфорт-клас...
2025-07-08 02:50:14,112 - __main__ - INFO - Вызов generate_yandexgpt_response
2025-07-08 02:50:14,890 - __main__ - INFO - Ответ от YandexGPT: Кроме ЖК «Солнечный», есть ещё ЖК «Луговой». Это комплекс бизнес-класса с панорамными окнами. Срок сдачи запланирован на четвёртый квартал 2024 года.
2025-07-08 02:50:14,891 - __main__ - DEBUG - История сокращена до 4 сообщений
2025-07-08 02:50:15,214 - __main__ - INFO - Сообщение отправлено пользователю
2025-07-08 02:50:22,751 - __main__ - INFO - Получено сообщение от 1655993753: а что рядом с ним?
2025-07-08 02:50:22,752 - __main__ - INFO - Сформировано 11 сообщений для GPT
2025-07-08 02:50:22,752 - __main__ - DEBUG - Первые 3 сообщения:
2025-07-08 02:50:22,752 - __main__ - DEBUG -   0. system: 
Ты - эксперт по недвижимости с доступом к базе данных. Твои правила:
0. Будь дружелюбным и разговор...
2025-07-08 02:50:22,752 - __main__ - DEBUG -   1. system: 
Ты - эксперт по недвижимости с доступом к базе данных. Твои правила:
0. Будь дружелюбным и разговор...
2025-07-08 02:50:22,752 - __main__ - DEBUG -   2. system: ТЕКУЩИЙ КОНТЕКСТ ОБЪЕКТА:
===== ЖК Солнечный =====
Описание: Современный жилой комплекс комфорт-клас...
2025-07-08 02:50:22,752 - __main__ - INFO - Вызов generate_yandexgpt_response
2025-07-08 02:50:23,455 - __main__ - INFO - Ответ от YandexGPT: Рядом с ЖК «Солнечный» находятся парк «Центральный» (в 300 метрах) и торговый центр «Горизонт» (в 500 метрах).
2025-07-08 02:50:23,455 - __main__ - DEBUG - История сокращена до 6 сообщений
2025-07-08 02:50:23,801 - __main__ - INFO - Сообщение отправлено пользователю
2025-07-08 02:51:18,032 - __main__ - INFO - Получено сообщение от 1655993753: а что рядом с жк луговой?
2025-07-08 02:51:18,033 - __main__ - INFO - Обновлен контекст объекта
2025-07-08 02:51:18,033 - __main__ - INFO - Сформировано 13 сообщений для GPT
2025-07-08 02:51:18,033 - __main__ - DEBUG - Первые 3 сообщения:
2025-07-08 02:51:18,033 - __main__ - DEBUG -   0. system: 
Ты - эксперт по недвижимости с доступом к базе данных. Твои правила:
0. Будь дружелюбным и разговор...
2025-07-08 02:51:18,033 - __main__ - DEBUG -   1. system: 
Ты - эксперт по недвижимости с доступом к базе данных. Твои правила:
0. Будь дружелюбным и разговор...
2025-07-08 02:51:18,033 - __main__ - DEBUG -   2. system: ТЕКУЩИЙ КОНТЕКСТ ОБЪЕКТА:
===== ЖК Луговой =====
Описание: Комплекс бизнес-класса с панорамными окна...
2025-07-08 02:51:18,033 - __main__ - INFO - Вызов generate_yandexgpt_response
2025-07-08 02:51:18,762 - __main__ - INFO - Ответ от YandexGPT: Рядом с ЖК «Луговой» расположены сквер «Нежный» (в 200 метрах) и школа №45 (в 400 метрах).
2025-07-08 02:51:18,763 - __main__ - DEBUG - История сокращена до 8 сообщений
2025-07-08 02:51:19,081 - __main__ - INFO - Сообщение отправлено пользователю
2025-07-08 02:51:42,859 - __main__ - INFO - Получено сообщение от 1655993753: как думаете, где больше понравится любителям природы?
2025-07-08 02:51:42,859 - __main__ - INFO - Сформировано 15 сообщений для GPT
2025-07-08 02:51:42,859 - __main__ - DEBUG - Первые 3 сообщения:
2025-07-08 02:51:42,860 - __main__ - DEBUG -   0. system: 
Ты - эксперт по недвижимости с доступом к базе данных. Твои правила:
0. Будь дружелюбным и разговор...
2025-07-08 02:51:42,860 - __main__ - DEBUG -   1. system: 
Ты - эксперт по недвижимости с доступом к базе данных. Твои правила:
0. Будь дружелюбным и разговор...
2025-07-08 02:51:42,860 - __main__ - DEBUG -   2. system: ТЕКУЩИЙ КОНТЕКСТ ОБЪЕКТА:
===== ЖК Луговой =====
Описание: Комплекс бизнес-класса с панорамными окна...
2025-07-08 02:51:42,860 - __main__ - INFO - Вызов generate_yandexgpt_response
2025-07-08 02:51:43,468 - __main__ - INFO - Ответ от YandexGPT: ЖК «Луговой» с его близостью к скверу «Нежный» может больше понравиться любителям природы.
2025-07-08 02:51:43,468 - __main__ - DEBUG - История сокращена до 10 сообщений
2025-07-08 02:51:43,787 - __main__ - INFO - Сообщение отправлено пользователю
2025-07-08 02:52:10,460 - __main__ - INFO - Получено сообщение от 1655993753: я бы хотела записаться на просмотр
2025-07-08 02:52:10,461 - __main__ - INFO - Сформировано 17 сообщений для GPT
2025-07-08 02:52:10,461 - __main__ - DEBUG - Первые 3 сообщения:
2025-07-08 02:52:10,461 - __main__ - DEBUG -   0. system: 
Ты - эксперт по недвижимости с доступом к базе данных. Твои правила:
0. Будь дружелюбным и разговор...
2025-07-08 02:52:10,461 - __main__ - DEBUG -   1. system: 
Ты - эксперт по недвижимости с доступом к базе данных. Твои правила:
0. Будь дружелюбным и разговор...
2025-07-08 02:52:10,462 - __main__ - DEBUG -   2. system: ТЕКУЩИЙ КОНТЕКСТ ОБЪЕКТА:
===== ЖК Луговой =====
Описание: Комплекс бизнес-класса с панорамными окна...
2025-07-08 02:52:10,462 - __main__ - INFO - Вызов generate_yandexgpt_response
2025-07-08 02:52:11,006 - __main__ - INFO - Ответ от YandexGPT: Как вас зовут и на какой номер перезвонить, чтобы записаться на просмотр?
2025-07-08 02:52:11,006 - __main__ - INFO - Установлен флаг collecting_contacts
2025-07-08 02:52:11,006 - __main__ - DEBUG - История сокращена до 10 сообщений
2025-07-08 02:52:11,349 - __main__ - INFO - Сообщение отправлено пользователю
2025-07-08 02:52:40,551 - __main__ - INFO - Получено сообщение от 1655993753: меня зовут Лида, 72345678901
2025-07-08 02:52:40,552 - __main__ - INFO - Извлечен контакт: меня зовут Лида, 72345678901
2025-07-08 02:52:40,552 - __main__ - INFO - Контекст диалога: как думаете, где больше понравится любителям природы? | Как вас зовут и на какой номер перезвонить, чтобы записаться на просмотр? | я бы хотела записаться на просмотр
2025-07-08 02:52:40,576 - __main__ - INFO - Контакт успешно сохранен в системе
2025-07-08 02:53:01,031 - __main__ - INFO - Получено сообщение от 1655993753: Оставить контакты
2025-07-08 02:53:17,170 - __main__ - INFO - Получено сообщение от 1655993753: Лида, 72345678901
2025-07-08 02:53:17,170 - __main__ - INFO - Извлечен контакт: Лида, 72345678901
2025-07-08 02:53:17,171 - __main__ - INFO - Контекст диалога: ЖК «Луговой» с его близостью к скверу «Нежный» может больше понравиться любителям природы. | как думаете, где больше понравится любителям природы? | я бы хотела записаться на просмотр
2025-07-08 02:53:17,185 - __main__ - INFO - Контакт успешно сохранен в системе
